mode: count
github.com/snowplow-devops/redash-client-go/redash/client.go:39.49,41.16 2 13
github.com/snowplow-devops/redash-client-go/redash/client.go:45.2,45.63 1 11
github.com/snowplow-devops/redash-client-go/redash/client.go:49.2,49.25 1 10
github.com/snowplow-devops/redash-client-go/redash/client.go:53.2,54.15 2 9
github.com/snowplow-devops/redash-client-go/redash/client.go:41.16,43.3 1 2
github.com/snowplow-devops/redash-client-go/redash/client.go:45.63,47.3 1 1
github.com/snowplow-devops/redash-client-go/redash/client.go:49.25,51.3 1 1
github.com/snowplow-devops/redash-client-go/redash/client.go:60.34,62.2 1 0
github.com/snowplow-devops/redash-client-go/redash/client.go:64.79,69.50 3 9
github.com/snowplow-devops/redash-client-go/redash/client.go:80.2,80.16 1 9
github.com/snowplow-devops/redash-client-go/redash/client.go:84.2,84.60 1 9
github.com/snowplow-devops/redash-client-go/redash/client.go:88.2,88.22 1 9
github.com/snowplow-devops/redash-client-go/redash/client.go:69.50,71.17 2 9
github.com/snowplow-devops/redash-client-go/redash/client.go:75.3,78.40 3 9
github.com/snowplow-devops/redash-client-go/redash/client.go:71.17,73.4 1 0
github.com/snowplow-devops/redash-client-go/redash/client.go:80.16,82.3 1 0
github.com/snowplow-devops/redash-client-go/redash/client.go:84.60,86.3 1 0
github.com/snowplow-devops/redash-client-go/redash/client.go:91.59,93.2 1 5
github.com/snowplow-devops/redash-client-go/redash/client.go:95.76,97.2 1 4
github.com/snowplow-devops/redash-client-go/redash/client.go:99.75,101.2 1 0
github.com/snowplow-devops/redash-client-go/redash/client.go:103.62,105.2 1 0
github.com/snowplow-devops/redash-client-go/redash/dashboards.go:108.58,113.16 3 0
github.com/snowplow-devops/redash-client-go/redash/dashboards.go:116.2,120.16 4 0
github.com/snowplow-devops/redash-client-go/redash/dashboards.go:124.2,126.25 2 0
github.com/snowplow-devops/redash-client-go/redash/dashboards.go:113.16,115.3 1 0
github.com/snowplow-devops/redash-client-go/redash/dashboards.go:120.16,122.3 1 0
github.com/snowplow-devops/redash-client-go/redash/dashboards.go:130.59,134.16 3 0
github.com/snowplow-devops/redash-client-go/redash/dashboards.go:138.2,140.16 3 0
github.com/snowplow-devops/redash-client-go/redash/dashboards.go:144.2,147.16 3 0
github.com/snowplow-devops/redash-client-go/redash/dashboards.go:151.2,151.24 1 0
github.com/snowplow-devops/redash-client-go/redash/dashboards.go:134.16,136.3 1 0
github.com/snowplow-devops/redash-client-go/redash/dashboards.go:140.16,142.3 1 0
github.com/snowplow-devops/redash-client-go/redash/dashboards.go:147.16,149.3 1 0
github.com/snowplow-devops/redash-client-go/redash/data_sources.go:60.58,65.16 3 0
github.com/snowplow-devops/redash-client-go/redash/data_sources.go:68.2,73.16 5 0
github.com/snowplow-devops/redash-client-go/redash/data_sources.go:77.2,77.26 1 0
github.com/snowplow-devops/redash-client-go/redash/data_sources.go:65.16,67.3 1 0
github.com/snowplow-devops/redash-client-go/redash/data_sources.go:73.16,75.3 1 0
github.com/snowplow-devops/redash-client-go/redash/data_sources.go:81.61,85.16 3 0
github.com/snowplow-devops/redash-client-go/redash/data_sources.go:89.2,91.16 3 0
github.com/snowplow-devops/redash-client-go/redash/data_sources.go:95.2,98.16 3 0
github.com/snowplow-devops/redash-client-go/redash/data_sources.go:102.2,102.25 1 0
github.com/snowplow-devops/redash-client-go/redash/data_sources.go:85.16,87.3 1 0
github.com/snowplow-devops/redash-client-go/redash/data_sources.go:91.16,93.3 1 0
github.com/snowplow-devops/redash-client-go/redash/data_sources.go:98.16,100.3 1 0
github.com/snowplow-devops/redash-client-go/redash/data_sources.go:106.65,111.16 3 0
github.com/snowplow-devops/redash-client-go/redash/data_sources.go:114.2,119.16 5 0
github.com/snowplow-devops/redash-client-go/redash/data_sources.go:123.2,123.29 1 0
github.com/snowplow-devops/redash-client-go/redash/data_sources.go:111.16,113.3 1 0
github.com/snowplow-devops/redash-client-go/redash/data_sources.go:119.16,121.3 1 0
github.com/snowplow-devops/redash-client-go/redash/data_sources.go:128.89,130.16 2 0
github.com/snowplow-devops/redash-client-go/redash/data_sources.go:134.2,134.38 1 0
github.com/snowplow-devops/redash-client-go/redash/data_sources.go:179.2,179.24 1 0
github.com/snowplow-devops/redash-client-go/redash/data_sources.go:130.16,132.3 1 0
github.com/snowplow-devops/redash-client-go/redash/data_sources.go:134.38,135.34 1 0
github.com/snowplow-devops/redash-client-go/redash/data_sources.go:135.34,137.62 1 0
github.com/snowplow-devops/redash-client-go/redash/data_sources.go:145.4,145.54 1 0
github.com/snowplow-devops/redash-client-go/redash/data_sources.go:137.62,140.16 2 0
github.com/snowplow-devops/redash-client-go/redash/data_sources.go:140.16,142.6 1 0
github.com/snowplow-devops/redash-client-go/redash/data_sources.go:145.54,148.16 2 0
github.com/snowplow-devops/redash-client-go/redash/data_sources.go:159.5,159.27 1 0
github.com/snowplow-devops/redash-client-go/redash/data_sources.go:148.16,149.22 1 0
github.com/snowplow-devops/redash-client-go/redash/data_sources.go:153.6,155.14 3 0
github.com/snowplow-devops/redash-client-go/redash/data_sources.go:149.22,151.7 1 0
github.com/snowplow-devops/redash-client-go/redash/data_sources.go:160.14,161.71 1 0
github.com/snowplow-devops/redash-client-go/redash/data_sources.go:164.17,165.71 1 0
github.com/snowplow-devops/redash-client-go/redash/data_sources.go:168.15,169.72 1 0
github.com/snowplow-devops/redash-client-go/redash/data_sources.go:172.13,173.67 1 0
github.com/snowplow-devops/redash-client-go/redash/data_sources.go:161.71,163.7 1 0
github.com/snowplow-devops/redash-client-go/redash/data_sources.go:165.71,167.7 1 0
github.com/snowplow-devops/redash-client-go/redash/data_sources.go:169.72,171.7 1 0
github.com/snowplow-devops/redash-client-go/redash/data_sources.go:183.87,187.16 3 0
github.com/snowplow-devops/redash-client-go/redash/data_sources.go:191.2,192.16 2 0
github.com/snowplow-devops/redash-client-go/redash/data_sources.go:196.2,197.16 2 0
github.com/snowplow-devops/redash-client-go/redash/data_sources.go:201.2,203.16 3 0
github.com/snowplow-devops/redash-client-go/redash/data_sources.go:207.2,210.16 3 0
github.com/snowplow-devops/redash-client-go/redash/data_sources.go:214.2,214.25 1 0
github.com/snowplow-devops/redash-client-go/redash/data_sources.go:187.16,189.3 1 0
github.com/snowplow-devops/redash-client-go/redash/data_sources.go:192.16,194.3 1 0
github.com/snowplow-devops/redash-client-go/redash/data_sources.go:197.16,199.3 1 0
github.com/snowplow-devops/redash-client-go/redash/data_sources.go:203.16,205.3 1 0
github.com/snowplow-devops/redash-client-go/redash/data_sources.go:210.16,212.3 1 0
github.com/snowplow-devops/redash-client-go/redash/data_sources.go:218.95,222.16 3 0
github.com/snowplow-devops/redash-client-go/redash/data_sources.go:226.2,227.16 2 0
github.com/snowplow-devops/redash-client-go/redash/data_sources.go:231.2,232.16 2 0
github.com/snowplow-devops/redash-client-go/redash/data_sources.go:236.2,238.16 3 0
github.com/snowplow-devops/redash-client-go/redash/data_sources.go:242.2,245.16 3 0
github.com/snowplow-devops/redash-client-go/redash/data_sources.go:249.2,249.25 1 0
github.com/snowplow-devops/redash-client-go/redash/data_sources.go:222.16,224.3 1 0
github.com/snowplow-devops/redash-client-go/redash/data_sources.go:227.16,229.3 1 0
github.com/snowplow-devops/redash-client-go/redash/data_sources.go:232.16,234.3 1 0
github.com/snowplow-devops/redash-client-go/redash/data_sources.go:238.16,240.3 1 0
github.com/snowplow-devops/redash-client-go/redash/data_sources.go:245.16,247.3 1 0
github.com/snowplow-devops/redash-client-go/redash/data_sources.go:253.49,257.16 3 0
github.com/snowplow-devops/redash-client-go/redash/data_sources.go:261.2,261.12 1 0
github.com/snowplow-devops/redash-client-go/redash/data_sources.go:257.16,259.3 1 0
github.com/snowplow-devops/redash-client-go/redash/groups.go:48.48,53.16 3 0
github.com/snowplow-devops/redash-client-go/redash/groups.go:56.2,61.16 5 0
github.com/snowplow-devops/redash-client-go/redash/groups.go:65.2,65.21 1 0
github.com/snowplow-devops/redash-client-go/redash/groups.go:53.16,55.3 1 0
github.com/snowplow-devops/redash-client-go/redash/groups.go:61.16,63.3 1 0
github.com/snowplow-devops/redash-client-go/redash/groups.go:69.51,73.16 3 1
github.com/snowplow-devops/redash-client-go/redash/groups.go:77.2,79.16 3 1
github.com/snowplow-devops/redash-client-go/redash/groups.go:83.2,86.16 3 1
github.com/snowplow-devops/redash-client-go/redash/groups.go:90.2,90.20 1 1
github.com/snowplow-devops/redash-client-go/redash/groups.go:73.16,75.3 1 0
github.com/snowplow-devops/redash-client-go/redash/groups.go:79.16,81.3 1 0
github.com/snowplow-devops/redash-client-go/redash/groups.go:86.16,88.3 1 0
github.com/snowplow-devops/redash-client-go/redash/groups.go:94.80,98.16 3 1
github.com/snowplow-devops/redash-client-go/redash/groups.go:102.2,103.16 2 1
github.com/snowplow-devops/redash-client-go/redash/groups.go:107.2,109.16 3 1
github.com/snowplow-devops/redash-client-go/redash/groups.go:113.2,116.16 3 1
github.com/snowplow-devops/redash-client-go/redash/groups.go:120.2,120.20 1 1
github.com/snowplow-devops/redash-client-go/redash/groups.go:98.16,100.3 1 0
github.com/snowplow-devops/redash-client-go/redash/groups.go:103.16,105.3 1 0
github.com/snowplow-devops/redash-client-go/redash/groups.go:109.16,111.3 1 0
github.com/snowplow-devops/redash-client-go/redash/groups.go:116.16,118.3 1 0
github.com/snowplow-devops/redash-client-go/redash/groups.go:124.68,128.16 3 0
github.com/snowplow-devops/redash-client-go/redash/groups.go:132.2,133.16 2 0
github.com/snowplow-devops/redash-client-go/redash/groups.go:137.2,139.16 3 0
github.com/snowplow-devops/redash-client-go/redash/groups.go:143.2,144.16 2 0
github.com/snowplow-devops/redash-client-go/redash/groups.go:148.2,148.19 1 0
github.com/snowplow-devops/redash-client-go/redash/groups.go:128.16,130.3 1 0
github.com/snowplow-devops/redash-client-go/redash/groups.go:133.16,135.3 1 0
github.com/snowplow-devops/redash-client-go/redash/groups.go:139.16,141.3 1 0
github.com/snowplow-devops/redash-client-go/redash/groups.go:144.16,146.3 1 0
github.com/snowplow-devops/redash-client-go/redash/groups.go:152.44,156.16 3 0
github.com/snowplow-devops/redash-client-go/redash/groups.go:160.2,160.12 1 0
github.com/snowplow-devops/redash-client-go/redash/groups.go:156.16,158.3 1 0
github.com/snowplow-devops/redash-client-go/redash/groups.go:164.62,169.16 4 0
github.com/snowplow-devops/redash-client-go/redash/groups.go:173.2,174.16 2 0
github.com/snowplow-devops/redash-client-go/redash/groups.go:177.2,179.12 2 0
github.com/snowplow-devops/redash-client-go/redash/groups.go:169.16,171.3 1 0
github.com/snowplow-devops/redash-client-go/redash/groups.go:174.16,176.3 1 0
github.com/snowplow-devops/redash-client-go/redash/groups.go:183.65,187.16 3 0
github.com/snowplow-devops/redash-client-go/redash/groups.go:190.2,192.12 2 0
github.com/snowplow-devops/redash-client-go/redash/groups.go:187.16,189.3 1 0
github.com/snowplow-devops/redash-client-go/redash/groups.go:196.74,201.16 4 0
github.com/snowplow-devops/redash-client-go/redash/groups.go:205.2,206.16 2 0
github.com/snowplow-devops/redash-client-go/redash/groups.go:209.2,211.12 2 0
github.com/snowplow-devops/redash-client-go/redash/groups.go:201.16,203.3 1 0
github.com/snowplow-devops/redash-client-go/redash/groups.go:206.16,208.3 1 0
github.com/snowplow-devops/redash-client-go/redash/groups.go:215.77,219.16 3 0
github.com/snowplow-devops/redash-client-go/redash/groups.go:222.2,224.12 2 0
github.com/snowplow-devops/redash-client-go/redash/groups.go:219.16,221.3 1 0
github.com/snowplow-devops/redash-client-go/redash/queries.go:102.51,107.16 3 0
github.com/snowplow-devops/redash-client-go/redash/queries.go:110.2,114.16 4 0
github.com/snowplow-devops/redash-client-go/redash/queries.go:118.2,120.22 2 0
github.com/snowplow-devops/redash-client-go/redash/queries.go:107.16,109.3 1 0
github.com/snowplow-devops/redash-client-go/redash/queries.go:114.16,116.3 1 0
github.com/snowplow-devops/redash-client-go/redash/queries.go:124.51,128.16 3 0
github.com/snowplow-devops/redash-client-go/redash/queries.go:132.2,134.16 3 0
github.com/snowplow-devops/redash-client-go/redash/queries.go:138.2,141.16 3 0
github.com/snowplow-devops/redash-client-go/redash/queries.go:145.2,145.20 1 0
github.com/snowplow-devops/redash-client-go/redash/queries.go:128.16,130.3 1 0
github.com/snowplow-devops/redash-client-go/redash/queries.go:134.16,136.3 1 0
github.com/snowplow-devops/redash-client-go/redash/queries.go:141.16,143.3 1 0
github.com/snowplow-devops/redash-client-go/redash/queries.go:149.73,153.16 3 0
github.com/snowplow-devops/redash-client-go/redash/queries.go:157.2,159.16 3 0
github.com/snowplow-devops/redash-client-go/redash/queries.go:163.2,165.16 3 0
github.com/snowplow-devops/redash-client-go/redash/queries.go:169.2,172.16 3 0
github.com/snowplow-devops/redash-client-go/redash/queries.go:176.2,176.20 1 0
github.com/snowplow-devops/redash-client-go/redash/queries.go:153.16,155.3 1 0
github.com/snowplow-devops/redash-client-go/redash/queries.go:159.16,161.3 1 0
github.com/snowplow-devops/redash-client-go/redash/queries.go:165.16,167.3 1 0
github.com/snowplow-devops/redash-client-go/redash/queries.go:172.16,174.3 1 0
github.com/snowplow-devops/redash-client-go/redash/queries.go:180.81,184.16 3 0
github.com/snowplow-devops/redash-client-go/redash/queries.go:187.2,189.16 3 0
github.com/snowplow-devops/redash-client-go/redash/queries.go:193.2,195.16 3 0
github.com/snowplow-devops/redash-client-go/redash/queries.go:199.2,202.16 3 0
github.com/snowplow-devops/redash-client-go/redash/queries.go:206.2,206.20 1 0
github.com/snowplow-devops/redash-client-go/redash/queries.go:184.16,186.3 1 0
github.com/snowplow-devops/redash-client-go/redash/queries.go:189.16,191.3 1 0
github.com/snowplow-devops/redash-client-go/redash/queries.go:195.16,197.3 1 0
github.com/snowplow-devops/redash-client-go/redash/queries.go:202.16,204.3 1 0
github.com/snowplow-devops/redash-client-go/redash/queries.go:210.44,214.16 3 0
github.com/snowplow-devops/redash-client-go/redash/queries.go:218.2,220.16 3 0
github.com/snowplow-devops/redash-client-go/redash/queries.go:224.2,224.12 1 0
github.com/snowplow-devops/redash-client-go/redash/queries.go:214.16,216.3 1 0
github.com/snowplow-devops/redash-client-go/redash/queries.go:220.16,222.3 1 0
github.com/snowplow-devops/redash-client-go/redash/users.go:80.48,85.16 3 0
github.com/snowplow-devops/redash-client-go/redash/users.go:88.2,92.16 4 0
github.com/snowplow-devops/redash-client-go/redash/users.go:96.2,98.20 2 0
github.com/snowplow-devops/redash-client-go/redash/users.go:85.16,87.3 1 0
github.com/snowplow-devops/redash-client-go/redash/users.go:92.16,94.3 1 0
github.com/snowplow-devops/redash-client-go/redash/users.go:102.49,106.16 3 2
github.com/snowplow-devops/redash-client-go/redash/users.go:110.2,112.16 3 2
github.com/snowplow-devops/redash-client-go/redash/users.go:116.2,119.16 3 2
github.com/snowplow-devops/redash-client-go/redash/users.go:123.2,123.19 1 2
github.com/snowplow-devops/redash-client-go/redash/users.go:106.16,108.3 1 0
github.com/snowplow-devops/redash-client-go/redash/users.go:112.16,114.3 1 0
github.com/snowplow-devops/redash-client-go/redash/users.go:119.16,121.3 1 0
github.com/snowplow-devops/redash-client-go/redash/users.go:127.82,131.16 3 1
github.com/snowplow-devops/redash-client-go/redash/users.go:135.2,136.16 2 1
github.com/snowplow-devops/redash-client-go/redash/users.go:140.2,142.16 3 1
github.com/snowplow-devops/redash-client-go/redash/users.go:146.2,149.16 3 1
github.com/snowplow-devops/redash-client-go/redash/users.go:153.2,153.19 1 1
github.com/snowplow-devops/redash-client-go/redash/users.go:131.16,133.3 1 0
github.com/snowplow-devops/redash-client-go/redash/users.go:136.16,138.3 1 0
github.com/snowplow-devops/redash-client-go/redash/users.go:142.16,144.3 1 0
github.com/snowplow-devops/redash-client-go/redash/users.go:149.16,151.3 1 0
github.com/snowplow-devops/redash-client-go/redash/users.go:157.90,161.16 3 1
github.com/snowplow-devops/redash-client-go/redash/users.go:165.2,166.16 2 1
github.com/snowplow-devops/redash-client-go/redash/users.go:170.2,172.16 3 1
github.com/snowplow-devops/redash-client-go/redash/users.go:176.2,179.16 3 1
github.com/snowplow-devops/redash-client-go/redash/users.go:183.2,183.19 1 1
github.com/snowplow-devops/redash-client-go/redash/users.go:161.16,163.3 1 0
github.com/snowplow-devops/redash-client-go/redash/users.go:166.16,168.3 1 0
github.com/snowplow-devops/redash-client-go/redash/users.go:172.16,174.3 1 0
github.com/snowplow-devops/redash-client-go/redash/users.go:179.16,181.3 1 0
github.com/snowplow-devops/redash-client-go/redash/users.go:187.44,191.16 3 1
github.com/snowplow-devops/redash-client-go/redash/users.go:195.2,197.16 3 1
github.com/snowplow-devops/redash-client-go/redash/users.go:201.2,201.12 1 1
github.com/snowplow-devops/redash-client-go/redash/users.go:191.16,193.3 1 0
github.com/snowplow-devops/redash-client-go/redash/users.go:197.16,199.3 1 0
github.com/snowplow-devops/redash-client-go/redash/users.go:205.62,210.16 3 2
github.com/snowplow-devops/redash-client-go/redash/users.go:213.2,217.16 4 2
github.com/snowplow-devops/redash-client-go/redash/users.go:221.2,223.20 2 2
github.com/snowplow-devops/redash-client-go/redash/users.go:210.16,212.3 1 0
github.com/snowplow-devops/redash-client-go/redash/users.go:217.16,219.3 1 0
github.com/snowplow-devops/redash-client-go/redash/users.go:227.62,230.16 2 2
github.com/snowplow-devops/redash-client-go/redash/users.go:234.2,234.41 1 2
github.com/snowplow-devops/redash-client-go/redash/users.go:240.2,240.71 1 1
github.com/snowplow-devops/redash-client-go/redash/users.go:230.16,232.3 1 0
github.com/snowplow-devops/redash-client-go/redash/users.go:234.41,235.50 1 1
github.com/snowplow-devops/redash-client-go/redash/users.go:235.50,237.4 1 1
github.com/snowplow-devops/redash-client-go/redash/visualizations.go:37.81,41.16 3 0
github.com/snowplow-devops/redash-client-go/redash/visualizations.go:45.2,47.16 3 0
github.com/snowplow-devops/redash-client-go/redash/visualizations.go:51.2,54.16 3 0
github.com/snowplow-devops/redash-client-go/redash/visualizations.go:58.2,58.41 1 0
github.com/snowplow-devops/redash-client-go/redash/visualizations.go:72.2,72.17 1 0
github.com/snowplow-devops/redash-client-go/redash/visualizations.go:41.16,43.3 1 0
github.com/snowplow-devops/redash-client-go/redash/visualizations.go:47.16,49.3 1 0
github.com/snowplow-devops/redash-client-go/redash/visualizations.go:54.16,56.3 1 0
github.com/snowplow-devops/redash-client-go/redash/visualizations.go:58.41,59.28 1 0
github.com/snowplow-devops/redash-client-go/redash/visualizations.go:59.28,69.4 2 0
github.com/snowplow-devops/redash-client-go/redash/visualizations.go:76.105,80.16 3 0
github.com/snowplow-devops/redash-client-go/redash/visualizations.go:84.2,86.16 3 0
github.com/snowplow-devops/redash-client-go/redash/visualizations.go:90.2,92.16 3 0
github.com/snowplow-devops/redash-client-go/redash/visualizations.go:96.2,99.16 3 0
github.com/snowplow-devops/redash-client-go/redash/visualizations.go:103.2,103.28 1 0
github.com/snowplow-devops/redash-client-go/redash/visualizations.go:80.16,82.3 1 0
github.com/snowplow-devops/redash-client-go/redash/visualizations.go:86.16,88.3 1 0
github.com/snowplow-devops/redash-client-go/redash/visualizations.go:92.16,94.3 1 0
github.com/snowplow-devops/redash-client-go/redash/visualizations.go:99.16,101.3 1 0
github.com/snowplow-devops/redash-client-go/redash/visualizations.go:108.113,112.16 3 0
github.com/snowplow-devops/redash-client-go/redash/visualizations.go:115.2,117.16 3 0
github.com/snowplow-devops/redash-client-go/redash/visualizations.go:121.2,123.16 3 0
github.com/snowplow-devops/redash-client-go/redash/visualizations.go:127.2,130.16 3 0
github.com/snowplow-devops/redash-client-go/redash/visualizations.go:134.2,134.28 1 0
github.com/snowplow-devops/redash-client-go/redash/visualizations.go:112.16,114.3 1 0
github.com/snowplow-devops/redash-client-go/redash/visualizations.go:117.16,119.3 1 0
github.com/snowplow-devops/redash-client-go/redash/visualizations.go:123.16,125.3 1 0
github.com/snowplow-devops/redash-client-go/redash/visualizations.go:130.16,132.3 1 0
github.com/snowplow-devops/redash-client-go/redash/visualizations.go:138.52,142.16 3 0
github.com/snowplow-devops/redash-client-go/redash/visualizations.go:146.2,148.16 3 0
github.com/snowplow-devops/redash-client-go/redash/visualizations.go:152.2,152.12 1 0
github.com/snowplow-devops/redash-client-go/redash/visualizations.go:142.16,144.3 1 0
github.com/snowplow-devops/redash-client-go/redash/visualizations.go:148.16,150.3 1 0
